<?xml version="1.0" encoding="UTF-8"?>
<!-- Generated by org.testng.reporters.JUnitReportReporter -->
<testsuite hostname="DESKTOP-I3BGM4H" failures="0" tests="3" name="TestingDemo.CrossBrowserTest" time="19.547" errors="0" timestamp="2023-12-11T21:35:56 IST" skipped="0">
  <testcase classname="TestingDemo.CrossBrowserTest" name="verifyTitle" time="4.866"/>
  <system-out/>
  <testcase classname="TestingDemo.CrossBrowserTest" name="verifyLogo" time="9.034"/>
  <system-out/>
  <testcase classname="TestingDemo.CrossBrowserTest" name="verifyProductText" time="5.647"/>
  <system-out/>
</testsuite> <!-- TestingDemo.CrossBrowserTest -->
