<?xml version="1.0" encoding="UTF-8"?>
<!-- Generated by org.testng.reporters.JUnitReportReporter -->
<testsuite hostname="DESKTOP-I3BGM4H" failures="0" tests="3" name="TestingDemo.CrossBrowserTest" time="21.580" errors="0" timestamp="2023-12-12T02:12:23 IST" skipped="0">
  <testcase classname="TestingDemo.CrossBrowserTest" name="verifyTitle" time="11.131"/>
  <system-out/>
  <testcase classname="TestingDemo.CrossBrowserTest" name="verifyLogo" time="4.888"/>
  <system-out/>
  <testcase classname="TestingDemo.CrossBrowserTest" name="verifyProductText" time="5.561"/>
  <system-out/>
</testsuite> <!-- TestingDemo.CrossBrowserTest -->
