<?xml version="1.0" encoding="UTF-8"?>
<!-- Generated by org.testng.reporters.JUnitReportReporter -->
<testsuite hostname="DESKTOP-I3BGM4H" failures="0" tests="5" name="TestingDemo.TestNgRegex" time="0.020" errors="0" timestamp="2023-12-11T21:42:14 IST" skipped="0">
  <testcase classname="TestingDemo.TestNgRegex" name="MobileLoginHomeLoan" time="0.001"/>
  <system-out/>
  <testcase classname="TestingDemo.TestNgRegex" name="LoginAPICarLoan" time="0.009"/>
  <system-out/>
  <testcase classname="TestingDemo.TestNgRegex" name="MobileLoginCarLoan" time="0.002"/>
  <system-out/>
  <testcase classname="TestingDemo.TestNgRegex" name="MobileLoginPersonalLoan" time="0.006"/>
  <system-out/>
  <testcase classname="TestingDemo.TestNgRegex" name="WebLoginCarLoan" time="0.002"/>
  <system-out/>
</testsuite> <!-- TestingDemo.TestNgRegex -->
